<?xml version="1.0" encoding="UTF-8"?>
<testsuite name="Matrix" tests="4" skipped="0" failures="0" errors="0" timestamp="2025-01-07T11:46:43" hostname="DESKTOP-9EVPGCD" time="0.675">
  <properties/>
  <testcase name="Determinant" classname="Matrix" time="0.639"/>
  <testcase name="Transpose" classname="Matrix" time="0.022"/>
  <testcase name="Inverse" classname="Matrix" time="0.007"/>
  <testcase name="Cofactor" classname="Matrix" time="0.007"/>
  <system-out><![CDATA[]]></system-out>
  <system-err><![CDATA[]]></system-err>
</testsuite>
