<?xml version="1.0" encoding="UTF-8"?>
<testsuite name="Matrix" tests="4" skipped="0" failures="0" errors="0" timestamp="2025-01-05T01:10:04" hostname="DESKTOP-9EVPGCD" time="0.274">
  <properties/>
  <testcase name="Determinant" classname="Matrix" time="0.26"/>
  <testcase name="Transpose" classname="Matrix" time="0.007"/>
  <testcase name="Inverse" classname="Matrix" time="0.004"/>
  <testcase name="Cofactor" classname="Matrix" time="0.003"/>
  <system-out><![CDATA[]]></system-out>
  <system-err><![CDATA[]]></system-err>
</testsuite>
